[INFO][FMUCHK] FMI compliance checker Test [FMILibrary: Test] build date: Oct  9 2018
[INFO][FMUCHK] Called with following options:
[INFO][FMUCHK] /maple/cbat/maple2018_2/2018-10-25/1357197/toolbox_source/FMIConnector/bin.APPLE_UNIVERSAL_OSX/FMUChecker-2.0.4/fmuCheck.darwin64 -i /maple/cbat/maple2018_2/2018-10-25/1357197/toolbox_source/FMIConnector/maple/tst/data/CoupledClutches_in.csv -e /maple/cbat/maple2018_2/2018-10-25/1357197/toolbox_source/FMIConnector/maple/tst/temp/darwin64/CoupledClutches_ME_cc.log -o /maple/cbat/maple2018_2/2018-10-25/1357197/toolbox_source/FMIConnector/maple/tst/temp/darwin64/CoupledClutches_ME_cc.csv -n 151 -s 1.5 -h 1e-2 -t /usr/local/tmp/maple/tester0/tester.81214/jqcaKMLi/ /usr/local/tmp/maple/tester0/tester.81214/jqcaKMLi//CoupledClutches.fmu
[INFO][FMUCHK] Will process FMU /usr/local/tmp/maple/tester0/tester.81214/jqcaKMLi//CoupledClutches.fmu
[INFO][FMILIB] XML specifies FMI standard version 2.0
[INFO][FMUCHK] Model name: CoupledClutches
[INFO][FMUCHK] Model GUID: {c6e817c3-887f-0960-ad51-4f69d8323aa1}
[INFO][FMUCHK] Model version: 
[INFO][FMUCHK] FMU kind: ModelExchange
[INFO][FMUCHK] The FMU contains:
0 constants
4 parameters
38 discrete variables
136 continuous variables
1 inputs
4 outputs
169 local variables
0 independent variables
0 calculated parameters
177 real variables
0 integer variables
0 enumeration variables
0 boolean variables
1 string variables

[INFO][FMUCHK] Printing output file header
[INFO][FMUCHK] Opening input file /maple/cbat/maple2018_2/2018-10-25/1357197/toolbox_source/FMIConnector/maple/tst/data/CoupledClutches_in.csv
[INFO][FMUCHK] Detected separator character in input file: ,
[INFO][FMUCHK] Model identifier for ModelExchange: CoupledClutches
[INFO][FMILIB] Loading 'darwin64' binary with 'default' platform types
[INFO][FMUCHK] Version returned from ME FMU: '2.0'

[INFO][FMUCHK] Initialized FMU for simulation starting at time 0
[INFO][FMUCHK] Simulation finished successfully at time 1.5
FMU check summary:
FMU reported:
	0 warning(s) and error(s)
Checker reported:
	0 Warning(s)
	0 Error(s)
