[INFO][FMUCHK] FMI compliance checker Test [FMILibrary: 2.0.3] build date: Oct 10 2018
[INFO][FMUCHK] Called with following options:
[INFO][FMUCHK] /maple/cbat/maple2018_2/2018-10-25/1357197/toolbox_source/FMIConnector/bin.X86_64_LINUX/FMUChecker-2.0.4/fmuCheck.linux64 -e /maple/cbat/maple2018_2/2018-10-25/1357197/toolbox_source/FMIConnector/maple/tst/temp/linux64/ControlledTemperature_ME_cc.log -o /maple/cbat/maple2018_2/2018-10-25/1357197/toolbox_source/FMIConnector/maple/tst/temp/linux64/ControlledTemperature_ME_cc.csv -n 500 -s 10 -h 1e-3 -t /usr/local/tmp/maple/tester1/tester.19936/xmZkjAt4/ /usr/local/tmp/maple/tester1/tester.19936/xmZkjAt4//ControlledTemperature.fmu
[INFO][FMUCHK] Will process FMU /usr/local/tmp/maple/tester1/tester.19936/xmZkjAt4//ControlledTemperature.fmu
[INFO][FMILIB] XML specifies FMI standard version 2.0
[INFO][FMUCHK] Model name: ControlledTemperature
[INFO][FMUCHK] Model GUID: {6c36c69c-6ce4-5b69-55bf-91573811cda6}
[INFO][FMUCHK] Model version: 
[INFO][FMUCHK] FMU kind: ModelExchange
[INFO][FMUCHK] The FMU contains:
0 constants
4 parameters
7 discrete variables
28 continuous variables
0 inputs
2 outputs
33 local variables
0 independent variables
0 calculated parameters
38 real variables
0 integer variables
0 enumeration variables
0 boolean variables
1 string variables

[INFO][FMUCHK] Printing output file header
[INFO][FMUCHK] Model identifier for ModelExchange: ControlledTemperature
[INFO][FMILIB] Loading 'linux64' binary with 'default' platform types
[INFO][FMUCHK] Version returned from ME FMU: '2.0'

[INFO][FMUCHK] Initialized FMU for simulation starting at time 0
[INFO][FMUCHK] Simulation finished successfully at time 10
FMU check summary:
FMU reported:
	0 warning(s) and error(s)
Checker reported:
	0 Warning(s)
	0 Error(s)
